[debug] [2019-01-07T05:34:33.098Z] ----------------------------------------------------------------------
[debug] [2019-01-07T05:34:33.103Z] Command:       C:\Program Files\nodejs\node.exe C:\Users\xtoph\AppData\Roaming\npm\node_modules\firebase-tools\lib\bin\firebase.js deploy --only functions
[debug] [2019-01-07T05:34:33.104Z] CLI Version:   6.2.2
[debug] [2019-01-07T05:34:33.104Z] Platform:      win32
[debug] [2019-01-07T05:34:33.104Z] Node Version:  v10.15.0
[debug] [2019-01-07T05:34:33.105Z] Time:          Sun Jan 06 2019 21:34:33 GMT-0800 (Pacific Standard Time)
[debug] [2019-01-07T05:34:33.105Z] ----------------------------------------------------------------------
[debug] 
[debug] [2019-01-07T05:34:33.122Z] > command requires scopes: ["email","openid","https://www.googleapis.com/auth/cloudplatformprojects.readonly","https://www.googleapis.com/auth/firebase","https://www.googleapis.com/auth/cloud-platform"]
[debug] [2019-01-07T05:34:33.123Z] > authorizing via signed-in user
[debug] [2019-01-07T05:34:33.124Z] [iam] checking project whistler-blackcomb-908ed for permissions ["cloudfunctions.functions.create","cloudfunctions.functions.delete","cloudfunctions.functions.get","cloudfunctions.functions.list","cloudfunctions.functions.update","cloudfunctions.operations.get","firebase.projects.get"]
[debug] [2019-01-07T05:34:33.126Z] >>> HTTP REQUEST POST https://cloudresourcemanager.googleapis.com/v1/projects/whistler-blackcomb-908ed:testIamPermissions  

[debug] [2019-01-07T05:34:33.369Z] <<< HTTP RESPONSE 200
[info] 
[info] === Deploying to 'whistler-blackcomb-908ed'...
[info] 
[info] i  deploying functions
[debug] [2019-01-07T05:34:37.821Z] > [functions] package.json contents: {
  "name": "dialogflowFirebaseFulfillment",
  "description": "This is the default fulfillment for a Dialogflow agents using Cloud Functions for Firebase",
  "version": "0.0.1",
  "private": true,
  "license": "Apache Version 2.0",
  "author": "Google Inc.",
  "engines": {
    "node": "8"
  },
  "scripts": {
    "start": "firebase serve --only functions:dialogflowFirebaseFulfillment",
    "deploy": "firebase deploy --only functions:dialogflowFirebaseFulfillment"
  },
  "dependencies": {
    "actions-on-google": "^2.2.0",
    "firebase-admin": "^5.13.1",
    "firebase-functions": "^2.0.2",
    "dialogflow": "^0.6.0",
    "dialogflow-fulfillment": "^0.5.0",
    "jsdom": "^13.1.0",
    "jquery": "^3.3.1"
  }
}
[info] i  functions: ensuring necessary APIs are enabled...
[debug] [2019-01-07T05:34:37.823Z] >>> HTTP REQUEST GET https://servicemanagement.googleapis.com/v1/services/cloudfunctions.googleapis.com/projectSettings/whistler-blackcomb-908ed?view=CONSUMER_VIEW  
 
[debug] [2019-01-07T05:34:37.824Z] >>> HTTP REQUEST GET https://servicemanagement.googleapis.com/v1/services/runtimeconfig.googleapis.com/projectSettings/whistler-blackcomb-908ed?view=CONSUMER_VIEW  
 
[debug] [2019-01-07T05:34:38.982Z] <<< HTTP RESPONSE 200
[debug] [2019-01-07T05:34:39.021Z] <<< HTTP RESPONSE 200
[info] +  functions: all necessary APIs are enabled
[debug] [2019-01-07T05:34:39.022Z] >>> HTTP REQUEST GET https://cloudresourcemanager.googleapis.com/v1/projects/whistler-blackcomb-908ed  
 
[debug] [2019-01-07T05:34:39.286Z] <<< HTTP RESPONSE 200
[debug] [2019-01-07T05:34:39.287Z] >>> HTTP REQUEST GET https://mobilesdk-pa.googleapis.com/v1/projects/743050272655:getServerAppConfig  
 
[debug] [2019-01-07T05:34:39.459Z] <<< HTTP RESPONSE 200
[info] i  functions: preparing functions directory for uploading...
[debug] [2019-01-07T05:34:39.466Z] >>> HTTP REQUEST GET https://runtimeconfig.googleapis.com/v1beta1/projects/whistler-blackcomb-908ed/configs  
 
[debug] [2019-01-07T05:34:40.029Z] <<< HTTP RESPONSE 200
[info] i  functions: packaged functions (45.44 KB) for uploading
[debug] [2019-01-07T05:34:41.974Z] >>> HTTP REQUEST POST https://cloudfunctions.googleapis.com/v1/projects/whistler-blackcomb-908ed/locations/us-central1/functions:generateUploadUrl  
 
[debug] [2019-01-07T05:34:42.667Z] <<< HTTP RESPONSE 200
[debug] [2019-01-07T05:34:42.669Z] >>> HTTP REQUEST PUT https://storage.googleapis.com/gcf-upload-us-central1-18850692-462a-4109-a66c-5fc92f2ce77a/c8c69ed2-c432-4f32-972e-c13ffe9f5887.zip?GoogleAccessId=service-743050272655@gcf-admin-robot.iam.gserviceaccount.com&Expires=1546841081&Signature=aawbql91704yifEgqST9GpIWIXcvuZsU2Hf2y7d6IyxhGsbDfRnFxFOu%2FDL1r4MPGMC4en55wVEwr8STWH58YaA2DpnDmpgtilm2WyqxRlnc0U2LdXccc9ehZxnnAOCzK%2FYRO18LR%2BSGj8DC98rrQBkWoabWytg6R%2BzqssTlmUTVswz%2B8y5wgKGvUNHGXaU7OVfYK95atWP1r14FzKTLpGdaJsMclu6XDkeXndhonHlJJpQ9M3PCRwdxklvoKwXWciA9gKcSnUDsSPJh5WYxlFNpPLYKLSVhqJHjjBAg7lsg0aUq0eGTaSs1U6LQ5V1aVRJLhwBWazVyMY8b2ew6TQ%3D%3D  

[debug] [2019-01-07T05:34:43.164Z] <<< HTTP RESPONSE 200
[info] +  functions: functions folder uploaded successfully
[debug] [2019-01-07T05:34:43.166Z] >>> HTTP REQUEST GET https://cloudfunctions.googleapis.com/v1/projects/whistler-blackcomb-908ed/locations/-/functions  
 
[debug] [2019-01-07T05:34:43.896Z] <<< HTTP RESPONSE 200
[info] i  functions: updating Node.js 8 function dialogflowFirebaseFulfillment(us-central1)...
[debug] [2019-01-07T05:34:43.901Z] Trigger is:  {"httpsTrigger":{}}
[debug] [2019-01-07T05:34:43.904Z] >>> HTTP REQUEST PATCH https://cloudfunctions.googleapis.com/v1/projects/whistler-blackcomb-908ed/locations/us-central1/functions/dialogflowFirebaseFulfillment {"updateMask":"sourceUploadUrl,name,labels,runtime,httpsTrigger"} 

[debug] [2019-01-07T05:34:44.510Z] <<< HTTP RESPONSE 200
[debug] [2019-01-07T05:34:44.516Z] >>> HTTP REQUEST GET https://cloudfunctions.googleapis.com/v1/projects/whistler-blackcomb-908ed/locations/-/functions  
 
[debug] [2019-01-07T05:34:45.138Z] <<< HTTP RESPONSE 200
[debug] [2019-01-07T05:34:45.141Z] >>> HTTP REQUEST GET https://cloudfunctions.googleapis.com/v1/operations/d2hpc3RsZXItYmxhY2tjb21iLTkwOGVkL3VzLWNlbnRyYWwxL2RpYWxvZ2Zsb3dGaXJlYmFzZUZ1bGZpbGxtZW50L3pPZVlNeGVwRW1F  
 
[debug] [2019-01-07T05:34:45.583Z] <<< HTTP RESPONSE 200
[debug] [2019-01-07T05:34:47.588Z] >>> HTTP REQUEST GET https://cloudfunctions.googleapis.com/v1/operations/d2hpc3RsZXItYmxhY2tjb21iLTkwOGVkL3VzLWNlbnRyYWwxL2RpYWxvZ2Zsb3dGaXJlYmFzZUZ1bGZpbGxtZW50L3pPZVlNeGVwRW1F  
 
[debug] [2019-01-07T05:34:48.209Z] <<< HTTP RESPONSE 200
[debug] [2019-01-07T05:34:50.212Z] >>> HTTP REQUEST GET https://cloudfunctions.googleapis.com/v1/operations/d2hpc3RsZXItYmxhY2tjb21iLTkwOGVkL3VzLWNlbnRyYWwxL2RpYWxvZ2Zsb3dGaXJlYmFzZUZ1bGZpbGxtZW50L3pPZVlNeGVwRW1F  
 
[debug] [2019-01-07T05:34:50.659Z] <<< HTTP RESPONSE 200
[debug] [2019-01-07T05:34:52.661Z] >>> HTTP REQUEST GET https://cloudfunctions.googleapis.com/v1/operations/d2hpc3RsZXItYmxhY2tjb21iLTkwOGVkL3VzLWNlbnRyYWwxL2RpYWxvZ2Zsb3dGaXJlYmFzZUZ1bGZpbGxtZW50L3pPZVlNeGVwRW1F  
 
[debug] [2019-01-07T05:34:53.113Z] <<< HTTP RESPONSE 200
[debug] [2019-01-07T05:34:55.114Z] >>> HTTP REQUEST GET https://cloudfunctions.googleapis.com/v1/operations/d2hpc3RsZXItYmxhY2tjb21iLTkwOGVkL3VzLWNlbnRyYWwxL2RpYWxvZ2Zsb3dGaXJlYmFzZUZ1bGZpbGxtZW50L3pPZVlNeGVwRW1F  
 
[debug] [2019-01-07T05:34:55.568Z] <<< HTTP RESPONSE 200
[debug] [2019-01-07T05:34:57.569Z] >>> HTTP REQUEST GET https://cloudfunctions.googleapis.com/v1/operations/d2hpc3RsZXItYmxhY2tjb21iLTkwOGVkL3VzLWNlbnRyYWwxL2RpYWxvZ2Zsb3dGaXJlYmFzZUZ1bGZpbGxtZW50L3pPZVlNeGVwRW1F  
 
[debug] [2019-01-07T05:34:58.026Z] <<< HTTP RESPONSE 200
[debug] [2019-01-07T05:35:00.026Z] >>> HTTP REQUEST GET https://cloudfunctions.googleapis.com/v1/operations/d2hpc3RsZXItYmxhY2tjb21iLTkwOGVkL3VzLWNlbnRyYWwxL2RpYWxvZ2Zsb3dGaXJlYmFzZUZ1bGZpbGxtZW50L3pPZVlNeGVwRW1F  
 
[debug] [2019-01-07T05:35:00.485Z] <<< HTTP RESPONSE 200
[debug] [2019-01-07T05:35:02.487Z] >>> HTTP REQUEST GET https://cloudfunctions.googleapis.com/v1/operations/d2hpc3RsZXItYmxhY2tjb21iLTkwOGVkL3VzLWNlbnRyYWwxL2RpYWxvZ2Zsb3dGaXJlYmFzZUZ1bGZpbGxtZW50L3pPZVlNeGVwRW1F  
 
[debug] [2019-01-07T05:35:02.941Z] <<< HTTP RESPONSE 200
[debug] [2019-01-07T05:35:04.942Z] >>> HTTP REQUEST GET https://cloudfunctions.googleapis.com/v1/operations/d2hpc3RsZXItYmxhY2tjb21iLTkwOGVkL3VzLWNlbnRyYWwxL2RpYWxvZ2Zsb3dGaXJlYmFzZUZ1bGZpbGxtZW50L3pPZVlNeGVwRW1F  
 
[debug] [2019-01-07T05:35:05.400Z] <<< HTTP RESPONSE 200
